<?xml version="1.0" encoding="UTF-8"?>
<!-- Generated by org.testng.reporters.JUnitXMLReporter -->
<testsuite ignored="2" hostname="LAPTOP-D04C1MQQ" failures="0" tests="1" name="Default test" time="4.352" errors="0" timestamp="2024-02-14T22:45:26 EST">
  <testcase classname="com.automation.Day18_Feb_14_C_Mouse_Keyboard_Actions.B_Mouse_actions" name="mouseActionsOperationsDragAndDrop" time="4.306"/>
  <testcase classname="com.automation.Day18_Feb_14_C_Mouse_Keyboard_Actions.B_Mouse_actions" name="mouseActionsOperationsDraggable" time="0.0">
    <ignored/>
  </testcase> <!-- mouseActionsOperationsDraggable -->
  <testcase classname="com.automation.Day18_Feb_14_C_Mouse_Keyboard_Actions.B_Mouse_actions" name="mouseActionsOperations" time="0.0">
    <ignored/>
  </testcase> <!-- mouseActionsOperations -->
</testsuite> <!-- Default test -->
