<?xml version="1.0" encoding="UTF-8"?>
<!-- Generated by org.testng.reporters.JUnitXMLReporter -->
<testsuite ignored="0" hostname="LAPTOP-D04C1MQQ" failures="0" tests="5" name="Test" time="40.591" errors="0" timestamp="2024-02-24T17:42:51 EST">
  <testcase classname="com.automation.Day15_Feb_6_B_Applying_OOPs_In_Automation.B_Login" name="verifyLoginWithValidCredentials" time="1.584"/>
  <testcase classname="com.automation.Day15_Feb_6_B_Applying_OOPs_In_Automation.B_Login" name="verifyLoginWithInvalidCredentials" time="1.066"/>
  <testcase classname="com.automation.Day15_Feb_6_B_Applying_OOPs_In_Automation.B_Login" name="verifyLoginWithValidEmailInvalidPassword" time="0.756"/>
  <testcase classname="com.automation.Day15_Feb_6_B_Applying_OOPs_In_Automation.B_Login" name="verifyLoginWithInvalidEmailValidPassword" time="0.852"/>
  <testcase classname="com.automation.Day15_Feb_6_B_Applying_OOPs_In_Automation.B_Login" name="verifyLoginWithNoCredentials" time="1.307"/>
</testsuite> <!-- Test -->
