<?xml version="1.0" encoding="UTF-8"?>
<testng-results ignored="0" total="5" passed="5" failed="0" skipped="0">
  <reporter-output>
  </reporter-output>
  <suite started-at="2024-02-24T17:42:10 EST" name="Suite" finished-at="2024-02-24T17:42:51 EST" duration-ms="40591">
    <groups>
    </groups>
    <test started-at="2024-02-24T17:42:10 EST" name="Test" finished-at="2024-02-24T17:42:51 EST" duration-ms="40591">
      <class name="com.automation.Day15_Feb_6_B_Applying_OOPs_In_Automation.B_Login">
        <test-method is-config="true" signature="setup()[pri:0, instance:com.automation.Day15_Feb_6_B_Applying_OOPs_In_Automation.B_Login@20deea7f]" started-at="2024-02-24T17:42:10 EST" name="setup" finished-at="2024-02-24T17:42:21 EST" duration-ms="10645" status="PASS">
          <reporter-output>
          </reporter-output>
        </test-method> <!-- setup -->
        <test-method signature="verifyLoginWithValidCredentials()[pri:1, instance:com.automation.Day15_Feb_6_B_Applying_OOPs_In_Automation.B_Login@20deea7f]" started-at="2024-02-24T17:42:21 EST" name="verifyLoginWithValidCredentials" finished-at="2024-02-24T17:42:23 EST" duration-ms="1584" status="PASS">
          <reporter-output>
          </reporter-output>
        </test-method> <!-- verifyLoginWithValidCredentials -->
        <test-method is-config="true" signature="TearDown()[pri:0, instance:com.automation.Day15_Feb_6_B_Applying_OOPs_In_Automation.B_Login@20deea7f]" started-at="2024-02-24T17:42:23 EST" name="TearDown" finished-at="2024-02-24T17:42:23 EST" duration-ms="230" status="PASS">
          <reporter-output>
          </reporter-output>
        </test-method> <!-- TearDown -->
        <test-method is-config="true" signature="setup()[pri:0, instance:com.automation.Day15_Feb_6_B_Applying_OOPs_In_Automation.B_Login@20deea7f]" started-at="2024-02-24T17:42:23 EST" name="setup" finished-at="2024-02-24T17:42:30 EST" duration-ms="7187" status="PASS">
          <reporter-output>
          </reporter-output>
        </test-method> <!-- setup -->
        <test-method signature="verifyLoginWithInvalidCredentials()[pri:2, instance:com.automation.Day15_Feb_6_B_Applying_OOPs_In_Automation.B_Login@20deea7f]" started-at="2024-02-24T17:42:30 EST" name="verifyLoginWithInvalidCredentials" finished-at="2024-02-24T17:42:31 EST" duration-ms="1066" status="PASS">
          <reporter-output>
          </reporter-output>
        </test-method> <!-- verifyLoginWithInvalidCredentials -->
        <test-method is-config="true" signature="TearDown()[pri:0, instance:com.automation.Day15_Feb_6_B_Applying_OOPs_In_Automation.B_Login@20deea7f]" started-at="2024-02-24T17:42:31 EST" name="TearDown" finished-at="2024-02-24T17:42:31 EST" duration-ms="204" status="PASS">
          <reporter-output>
          </reporter-output>
        </test-method> <!-- TearDown -->
        <test-method is-config="true" signature="setup()[pri:0, instance:com.automation.Day15_Feb_6_B_Applying_OOPs_In_Automation.B_Login@20deea7f]" started-at="2024-02-24T17:42:31 EST" name="setup" finished-at="2024-02-24T17:42:37 EST" duration-ms="5210" status="PASS">
          <reporter-output>
          </reporter-output>
        </test-method> <!-- setup -->
        <test-method signature="verifyLoginWithValidEmailInvalidPassword()[pri:3, instance:com.automation.Day15_Feb_6_B_Applying_OOPs_In_Automation.B_Login@20deea7f]" started-at="2024-02-24T17:42:37 EST" name="verifyLoginWithValidEmailInvalidPassword" finished-at="2024-02-24T17:42:37 EST" duration-ms="756" status="PASS">
          <reporter-output>
          </reporter-output>
        </test-method> <!-- verifyLoginWithValidEmailInvalidPassword -->
        <test-method is-config="true" signature="TearDown()[pri:0, instance:com.automation.Day15_Feb_6_B_Applying_OOPs_In_Automation.B_Login@20deea7f]" started-at="2024-02-24T17:42:37 EST" name="TearDown" finished-at="2024-02-24T17:42:38 EST" duration-ms="151" status="PASS">
          <reporter-output>
          </reporter-output>
        </test-method> <!-- TearDown -->
        <test-method is-config="true" signature="setup()[pri:0, instance:com.automation.Day15_Feb_6_B_Applying_OOPs_In_Automation.B_Login@20deea7f]" started-at="2024-02-24T17:42:38 EST" name="setup" finished-at="2024-02-24T17:42:43 EST" duration-ms="5186" status="PASS">
          <reporter-output>
          </reporter-output>
        </test-method> <!-- setup -->
        <test-method signature="verifyLoginWithInvalidEmailValidPassword()[pri:4, instance:com.automation.Day15_Feb_6_B_Applying_OOPs_In_Automation.B_Login@20deea7f]" started-at="2024-02-24T17:42:43 EST" name="verifyLoginWithInvalidEmailValidPassword" finished-at="2024-02-24T17:42:44 EST" duration-ms="852" status="PASS">
          <reporter-output>
          </reporter-output>
        </test-method> <!-- verifyLoginWithInvalidEmailValidPassword -->
        <test-method is-config="true" signature="TearDown()[pri:0, instance:com.automation.Day15_Feb_6_B_Applying_OOPs_In_Automation.B_Login@20deea7f]" started-at="2024-02-24T17:42:44 EST" name="TearDown" finished-at="2024-02-24T17:42:44 EST" duration-ms="203" status="PASS">
          <reporter-output>
          </reporter-output>
        </test-method> <!-- TearDown -->
        <test-method is-config="true" signature="setup()[pri:0, instance:com.automation.Day15_Feb_6_B_Applying_OOPs_In_Automation.B_Login@20deea7f]" started-at="2024-02-24T17:42:44 EST" name="setup" finished-at="2024-02-24T17:42:50 EST" duration-ms="5803" status="PASS">
          <reporter-output>
          </reporter-output>
        </test-method> <!-- setup -->
        <test-method signature="verifyLoginWithNoCredentials()[pri:5, instance:com.automation.Day15_Feb_6_B_Applying_OOPs_In_Automation.B_Login@20deea7f]" started-at="2024-02-24T17:42:50 EST" name="verifyLoginWithNoCredentials" finished-at="2024-02-24T17:42:51 EST" duration-ms="1307" status="PASS">
          <reporter-output>
          </reporter-output>
        </test-method> <!-- verifyLoginWithNoCredentials -->
        <test-method is-config="true" signature="TearDown()[pri:0, instance:com.automation.Day15_Feb_6_B_Applying_OOPs_In_Automation.B_Login@20deea7f]" started-at="2024-02-24T17:42:51 EST" name="TearDown" finished-at="2024-02-24T17:42:51 EST" duration-ms="137" status="PASS">
          <reporter-output>
          </reporter-output>
        </test-method> <!-- TearDown -->
      </class> <!-- com.automation.Day15_Feb_6_B_Applying_OOPs_In_Automation.B_Login -->
    </test> <!-- Test -->
  </suite> <!-- Suite -->
</testng-results>
